<?xml version="1.0" encoding="UTF-8"?>
<coverage generated="1537507542796" clover="3.2.0">
  <project timestamp="1537507542796" name="All files">
    <metrics statements="46" coveredstatements="26" conditionals="0" coveredconditionals="0" methods="6" coveredmethods="3" elements="52" coveredelements="29" complexity="0" loc="46" ncloc="46" packages="4" files="7" classes="7">
      <package name="src">
        <metrics statements="17" coveredstatements="0" conditionals="0" coveredconditionals="0" methods="3" coveredmethods="0"/>
        <file name="App.vue" path="C:\Users\shund\Documents\drawer\src\App.vue">
          <metrics statements="4" coveredstatements="0" conditionals="0" coveredconditionals="0" methods="1" coveredmethods="0"/>
          <line num="9" count="0" type="stmt"/>
          <line num="10" count="0" type="stmt"/>
          <line num="11" count="0" type="stmt"/>
          <line num="19" count="0" type="stmt"/>
        </file>
        <file name="main.ts" path="C:\Users\shund\Documents\drawer\src\main.ts">
          <metrics statements="8" coveredstatements="0" conditionals="0" coveredconditionals="0" methods="1" coveredmethods="0"/>
          <line num="1" count="0" type="stmt"/>
          <line num="2" count="0" type="stmt"/>
          <line num="3" count="0" type="stmt"/>
          <line num="4" count="0" type="stmt"/>
          <line num="6" count="0" type="stmt"/>
          <line num="7" count="0" type="stmt"/>
          <line num="9" count="0" type="stmt"/>
          <line num="11" count="0" type="stmt"/>
        </file>
        <file name="store.ts" path="C:\Users\shund\Documents\drawer\src\store.ts">
          <metrics statements="5" coveredstatements="0" conditionals="0" coveredconditionals="0" methods="1" coveredmethods="0"/>
          <line num="1" count="0" type="stmt"/>
          <line num="3" count="0" type="stmt"/>
          <line num="4" count="0" type="stmt"/>
          <line num="6" count="0" type="stmt"/>
          <line num="7" count="0" type="stmt"/>
        </file>
      </package>
      <package name="src.components">
        <metrics statements="16" coveredstatements="16" conditionals="0" coveredconditionals="0" methods="2" coveredmethods="2"/>
        <file name="dHeader.vue" path="C:\Users\shund\Documents\drawer\src\components\dHeader.vue">
          <metrics statements="9" coveredstatements="9" conditionals="0" coveredconditionals="0" methods="1" coveredmethods="1"/>
          <line num="17" count="1" type="stmt"/>
          <line num="18" count="1" type="stmt"/>
          <line num="19" count="1" type="stmt"/>
          <line num="21" count="1" type="stmt"/>
          <line num="24" count="13" type="stmt"/>
          <line num="26" count="1" type="stmt"/>
          <line num="28" count="1" type="stmt"/>
          <line num="31" count="1" type="stmt"/>
          <line num="34" count="3" type="stmt"/>
        </file>
        <file name="dPage.vue" path="C:\Users\shund\Documents\drawer\src\components\dPage.vue">
          <metrics statements="7" coveredstatements="7" conditionals="0" coveredconditionals="0" methods="1" coveredmethods="1"/>
          <line num="7" count="1" type="stmt"/>
          <line num="8" count="1" type="stmt"/>
          <line num="9" count="1" type="stmt"/>
          <line num="10" count="1" type="stmt"/>
          <line num="13" count="9" type="stmt"/>
          <line num="15" count="1" type="stmt"/>
          <line num="17" count="2" type="stmt"/>
        </file>
      </package>
      <package name="src.lib">
        <metrics statements="10" coveredstatements="10" conditionals="0" coveredconditionals="0" methods="1" coveredmethods="1"/>
        <file name="initVue.ts" path="C:\Users\shund\Documents\drawer\src\lib\initVue.ts">
          <metrics statements="10" coveredstatements="10" conditionals="0" coveredconditionals="0" methods="1" coveredmethods="1"/>
          <line num="1" count="2" type="stmt"/>
          <line num="4" count="2" type="stmt"/>
          <line num="6" count="2" type="stmt"/>
          <line num="7" count="2" type="stmt"/>
          <line num="9" count="2" type="stmt"/>
          <line num="11" count="2" type="stmt"/>
          <line num="12" count="2" type="stmt"/>
          <line num="13" count="2" type="stmt"/>
          <line num="14" count="2" type="stmt"/>
          <line num="15" count="2" type="stmt"/>
        </file>
      </package>
      <package name="src.vuex">
        <metrics statements="3" coveredstatements="0" conditionals="0" coveredconditionals="0" methods="0" coveredmethods="0"/>
        <file name="state.ts" path="C:\Users\shund\Documents\drawer\src\vuex\state.ts">
          <metrics statements="3" coveredstatements="0" conditionals="0" coveredconditionals="0" methods="0" coveredmethods="0"/>
          <line num="1" count="0" type="stmt"/>
          <line num="7" count="0" type="stmt"/>
          <line num="11" count="0" type="stmt"/>
        </file>
      </package>
    </metrics>
  </project>
</coverage>
