{"C:\\Users\\shund\\Documents\\drawer\\src\\App.vue": {"path":"C:\\Users\\shund\\Documents\\drawer\\src\\App.vue","statementMap":{"0":{"start":{"line":9,"column":0},"end":{"line":null,"column":-1}},"1":{"start":{"line":10,"column":0},"end":{"line":null,"column":-1}},"2":{"start":{"line":11,"column":0},"end":{"line":null,"column":-1}},"3":{"start":{"line":19,"column":0},"end":{"line":null,"column":-1}},"4":{"start":{"line":19,"column":0},"end":{"line":13,"column":0}}},"fnMap":{"0":{"name":"(anonymous_1)","decl":{"start":{"line":19,"column":0},"end":{"line":null,"column":-1}},"loc":{"start":{"line":19,"column":0},"end":{"line":null,"column":-1}}}},"branchMap":{},"s":{"0":0,"1":0,"2":0,"3":0,"4":0},"f":{"0":0},"b":{}}
,"C:\\Users\\shund\\Documents\\drawer\\src\\main.ts": {"path":"C:\\Users\\shund\\Documents\\drawer\\src\\main.ts","statementMap":{"0":{"start":{"line":1,"column":0},"end":{"line":1,"column":21}},"1":{"start":{"line":2,"column":0},"end":{"line":2,"column":35}},"2":{"start":{"line":3,"column":0},"end":{"line":3,"column":27}},"3":{"start":{"line":4,"column":0},"end":{"line":4,"column":31}},"4":{"start":{"line":6,"column":0},"end":{"line":6,"column":13}},"5":{"start":{"line":7,"column":0},"end":{"line":7,"column":33}},"6":{"start":{"line":9,"column":0},"end":{"line":12,"column":18}},"7":{"start":{"line":11,"column":17},"end":{"line":11,"column":23}}},"fnMap":{"0":{"name":"(anonymous_0)","decl":{"start":{"line":11,"column":10},"end":{"line":11,"column":11}},"loc":{"start":{"line":11,"column":17},"end":{"line":11,"column":23}}}},"branchMap":{},"s":{"0":0,"1":0,"2":0,"3":0,"4":0,"5":0,"6":0,"7":0},"f":{"0":0},"b":{}}
,"C:\\Users\\shund\\Documents\\drawer\\src\\shims-tsx.d.ts": {"path":"C:\\Users\\shund\\Documents\\drawer\\src\\shims-tsx.d.ts","statementMap":{},"fnMap":{},"branchMap":{},"s":{},"f":{},"b":{}}
,"C:\\Users\\shund\\Documents\\drawer\\src\\shims-vue.d.ts": {"path":"C:\\Users\\shund\\Documents\\drawer\\src\\shims-vue.d.ts","statementMap":{},"fnMap":{},"branchMap":{},"s":{},"f":{},"b":{}}
,"C:\\Users\\shund\\Documents\\drawer\\src\\store.ts": {"path":"C:\\Users\\shund\\Documents\\drawer\\src\\store.ts","statementMap":{"0":{"start":{"line":1,"column":0},"end":{"line":1,"column":28}},"1":{"start":{"line":3,"column":0},"end":{"line":3,"column":32}},"2":{"start":{"line":4,"column":0},"end":{"line":4,"column":40}},"3":{"start":{"line":7,"column":2},"end":{"line":13,"column":5}},"4":{"start":{"line":6,"column":0},"end":{"line":14,"column":1}}},"fnMap":{"0":{"name":"makeStore","decl":{"start":{"line":6,"column":24},"end":{"line":6,"column":33}},"loc":{"start":{"line":6,"column":33},"end":{"line":14,"column":1}}}},"branchMap":{},"s":{"0":0,"1":0,"2":0,"3":0,"4":0},"f":{"0":0},"b":{}}
,"C:\\Users\\shund\\Documents\\drawer\\src\\components\\dHeader.vue": {"path":"C:\\Users\\shund\\Documents\\drawer\\src\\components\\dHeader.vue","statementMap":{"0":{"start":{"line":17,"column":0},"end":{"line":null,"column":-1}},"1":{"start":{"line":18,"column":0},"end":{"line":null,"column":-1}},"2":{"start":{"line":19,"column":0},"end":{"line":null,"column":-1}},"3":{"start":{"line":21,"column":0},"end":{"line":null,"column":-1}},"4":{"start":{"line":24,"column":0},"end":{"line":null,"column":-1}},"5":{"start":{"line":31,"column":0},"end":{"line":null,"column":-1}},"6":{"start":{"line":34,"column":0},"end":{"line":null,"column":-1}},"7":{"start":{"line":26,"column":0},"end":{"line":null,"column":-1}},"8":{"start":{"line":28,"column":0},"end":{"line":null,"column":-1}}},"fnMap":{"0":{"name":"(anonymous_1)","decl":{"start":{"line":24,"column":0},"end":{"line":null,"column":-1}},"loc":{"start":{"line":24,"column":0},"end":{"line":null,"column":-1}}}},"branchMap":{},"s":{"0":1,"1":1,"2":1,"3":1,"4":13,"5":1,"6":3,"7":1,"8":1},"f":{"0":9},"b":{}}
,"C:\\Users\\shund\\Documents\\drawer\\src\\components\\dPage.vue": {"path":"C:\\Users\\shund\\Documents\\drawer\\src\\components\\dPage.vue","statementMap":{"0":{"start":{"line":19,"column":0},"end":{"line":null,"column":-1}},"1":{"start":{"line":20,"column":0},"end":{"line":null,"column":-1}},"2":{"start":{"line":21,"column":0},"end":{"line":null,"column":-1}},"3":{"start":{"line":22,"column":0},"end":{"line":null,"column":-1}},"4":{"start":{"line":23,"column":0},"end":{"line":null,"column":-1}},"5":{"start":{"line":30,"column":0},"end":{"line":null,"column":-1}},"6":{"start":{"line":25,"column":0},"end":{"line":null,"column":-1}},"7":{"start":{"line":34,"column":0},"end":{"line":null,"column":-1}},"8":{"start":{"line":41,"column":0},"end":{"line":null,"column":-1}},"9":{"start":{"line":48,"column":0},"end":{"line":54,"column":0}},"10":{"start":{"line":49,"column":0},"end":{"line":null,"column":-1}},"11":{"start":{"line":50,"column":0},"end":{"line":null,"column":-1}},"12":{"start":{"line":51,"column":0},"end":{"line":null,"column":-1}},"13":{"start":{"line":52,"column":0},"end":{"line":null,"column":-1}},"14":{"start":{"line":53,"column":0},"end":{"line":null,"column":-1}},"15":{"start":{"line":57,"column":0},"end":{"line":60,"column":0}},"16":{"start":{"line":58,"column":0},"end":{"line":null,"column":-1}},"17":{"start":{"line":59,"column":0},"end":{"line":null,"column":-1}},"18":{"start":{"line":63,"column":0},"end":{"line":null,"column":-1}},"19":{"start":{"line":43,"column":0},"end":{"line":null,"column":-1}},"20":{"start":{"line":32,"column":0},"end":{"line":null,"column":-1}},"21":{"start":{"line":30,"column":0},"end":{"line":25,"column":0}}},"fnMap":{"0":{"name":"(anonymous_1)","decl":{"start":{"line":30,"column":0},"end":{"line":null,"column":-1}},"loc":{"start":{"line":30,"column":0},"end":{"line":null,"column":-1}}},"1":{"name":"DPage","decl":{"start":{"line":25,"column":0},"end":{"line":null,"column":-1}},"loc":{"start":{"line":25,"column":0},"end":{"line":67,"column":0}}}},"branchMap":{"0":{"loc":{"start":{"line":48,"column":0},"end":{"line":54,"column":0}},"type":"if","locations":[{"start":{"line":48,"column":0},"end":{"line":54,"column":0}},{"start":{"line":48,"column":0},"end":{"line":54,"column":0}}]},"1":{"loc":{"start":{"line":57,"column":0},"end":{"line":60,"column":0}},"type":"if","locations":[{"start":{"line":57,"column":0},"end":{"line":60,"column":0}},{"start":{"line":57,"column":0},"end":{"line":60,"column":0}}]},"2":{"loc":{"start":{"line":63,"column":0},"end":{"line":null,"column":-1}},"type":"if","locations":[{"start":{"line":63,"column":0},"end":{"line":null,"column":-1}},{"start":{"line":63,"column":0},"end":{"line":null,"column":-1}}]}},"s":{"0":1,"1":1,"2":1,"3":1,"4":1,"5":4,"6":4,"7":2,"8":2,"9":0,"10":0,"11":0,"12":0,"13":0,"14":0,"15":0,"16":0,"17":0,"18":0,"19":2,"20":1,"21":1},"f":{"0":3,"1":2},"b":{"0":[0,0],"1":[0,0],"2":[0,0]}}
,"C:\\Users\\shund\\Documents\\drawer\\src\\components\\dRect.vue": {"path":"C:\\Users\\shund\\Documents\\drawer\\src\\components\\dRect.vue","statementMap":{"0":{"start":{"line":7,"column":0},"end":{"line":null,"column":-1}},"1":{"start":{"line":8,"column":0},"end":{"line":null,"column":-1}},"2":{"start":{"line":18,"column":0},"end":{"line":null,"column":-1}},"3":{"start":{"line":24,"column":0},"end":{"line":null,"column":-1}},"4":{"start":{"line":27,"column":0},"end":{"line":null,"column":-1}},"5":{"start":{"line":30,"column":0},"end":{"line":null,"column":-1}},"6":{"start":{"line":33,"column":0},"end":{"line":null,"column":-1}},"7":{"start":{"line":18,"column":0},"end":{"line":10,"column":0}}},"fnMap":{"0":{"name":"(anonymous_1)","decl":{"start":{"line":18,"column":0},"end":{"line":null,"column":-1}},"loc":{"start":{"line":18,"column":0},"end":{"line":null,"column":-1}}}},"branchMap":{},"s":{"0":2,"1":2,"2":12,"3":1,"4":1,"5":1,"6":1,"7":2},"f":{"0":8},"b":{}}
,"C:\\Users\\shund\\Documents\\drawer\\src\\lib\\initVue.ts": {"path":"C:\\Users\\shund\\Documents\\drawer\\src\\lib\\initVue.ts","statementMap":{"0":{"start":{"line":1,"column":0},"end":{"line":1,"column":23}},"1":{"start":{"line":4,"column":14},"end":{"line":4,"column":30}},"2":{"start":{"line":6,"column":0},"end":{"line":6,"column":59}},"3":{"start":{"line":7,"column":0},"end":{"line":7,"column":80}},"4":{"start":{"line":9,"column":20},"end":{"line":9,"column":59}},"5":{"start":{"line":12,"column":2},"end":{"line":12,"column":16}},"6":{"start":{"line":13,"column":2},"end":{"line":13,"column":17}},"7":{"start":{"line":14,"column":2},"end":{"line":14,"column":44}},"8":{"start":{"line":15,"column":2},"end":{"line":15,"column":51}},"9":{"start":{"line":11,"column":0},"end":{"line":16,"column":1}}},"fnMap":{"0":{"name":"initVue","decl":{"start":{"line":11,"column":24},"end":{"line":11,"column":31}},"loc":{"start":{"line":11,"column":56},"end":{"line":16,"column":1}}}},"branchMap":{},"s":{"0":3,"1":3,"2":3,"3":3,"4":3,"5":3,"6":3,"7":3,"8":3,"9":3},"f":{"0":3},"b":{}}
,"C:\\Users\\shund\\Documents\\drawer\\src\\lib\\pageMode.ts": {"path":"C:\\Users\\shund\\Documents\\drawer\\src\\lib\\pageMode.ts","statementMap":{"0":{"start":{"line":1,"column":0},"end":{"line":4,"column":1}},"1":{"start":{"line":2,"column":2},"end":{"line":2,"column":8}},"2":{"start":{"line":3,"column":2},"end":{"line":3,"column":9}},"3":{"start":{"line":6,"column":0},"end":{"line":6,"column":24}}},"fnMap":{"0":{"name":"(anonymous_0)","decl":{"start":{"line":1,"column":0},"end":{"line":1,"column":4}},"loc":{"start":{"line":1,"column":13},"end":{"line":4,"column":1}}}},"branchMap":{"0":{"loc":{"start":{"line":1,"column":5},"end":{"line":1,"column":13}},"type":"binary-expr","locations":[{"start":{"line":1,"column":5},"end":{"line":1,"column":13}},{"start":{"line":1,"column":5},"end":{"line":1,"column":13}}]}},"s":{"0":3,"1":3,"2":3,"3":3},"f":{"0":3},"b":{"0":[3,3]}}
,"C:\\Users\\shund\\Documents\\drawer\\src\\mixins\\dShape.ts": {"path":"C:\\Users\\shund\\Documents\\drawer\\src\\mixins\\dShape.ts","statementMap":{"0":{"start":{"line":1,"column":0},"end":{"line":1,"column":21}},"1":{"start":{"line":2,"column":0},"end":{"line":2,"column":43}},"2":{"start":{"line":12,"column":0},"end":{"line":17,"column":1}},"3":{"start":{"line":12,"column":21},"end":{"line":17,"column":1}}},"fnMap":{},"branchMap":{},"s":{"0":2,"1":2,"2":2,"3":2},"f":{},"b":{}}
,"C:\\Users\\shund\\Documents\\drawer\\src\\vuex\\mutations.ts": {"path":"C:\\Users\\shund\\Documents\\drawer\\src\\vuex\\mutations.ts","statementMap":{"0":{"start":{"line":5,"column":43},"end":{"line":9,"column":1}},"1":{"start":{"line":7,"column":4},"end":{"line":7,"column":30}},"2":{"start":{"line":11,"column":0},"end":{"line":11,"column":25}}},"fnMap":{},"branchMap":{},"s":{"0":1,"1":1,"2":1},"f":{},"b":{}}
,"C:\\Users\\shund\\Documents\\drawer\\src\\vuex\\state.ts": {"path":"C:\\Users\\shund\\Documents\\drawer\\src\\vuex\\state.ts","statementMap":{"0":{"start":{"line":1,"column":0},"end":{"line":1,"column":37}},"1":{"start":{"line":7,"column":25},"end":{"line":9,"column":1}},"2":{"start":{"line":11,"column":0},"end":{"line":11,"column":21}}},"fnMap":{},"branchMap":{},"s":{"0":0,"1":0,"2":0},"f":{},"b":{}}
}
