TN:
SF:C:\Users\shund\Documents\drawer\src\App.vue
FN:19,(anonymous_1)
FNF:1
FNH:0
FNDA:0,(anonymous_1)
DA:9,0
DA:10,0
DA:11,0
DA:19,0
LF:4
LH:0
BRF:0
BRH:0
end_of_record
TN:
SF:C:\Users\shund\Documents\drawer\src\main.ts
FN:11,(anonymous_0)
FNF:1
FNH:0
FNDA:0,(anonymous_0)
DA:1,0
DA:2,0
DA:3,0
DA:4,0
DA:6,0
DA:7,0
DA:9,0
DA:11,0
LF:8
LH:0
BRF:0
BRH:0
end_of_record
TN:
SF:C:\Users\shund\Documents\drawer\src\shims-tsx.d.ts
FNF:0
FNH:0
LF:0
LH:0
BRF:0
BRH:0
end_of_record
TN:
SF:C:\Users\shund\Documents\drawer\src\shims-vue.d.ts
FNF:0
FNH:0
LF:0
LH:0
BRF:0
BRH:0
end_of_record
TN:
SF:C:\Users\shund\Documents\drawer\src\store.ts
FN:6,makeStore
FNF:1
FNH:0
FNDA:0,makeStore
DA:1,0
DA:3,0
DA:4,0
DA:6,0
DA:7,0
LF:5
LH:0
BRF:0
BRH:0
end_of_record
TN:
SF:C:\Users\shund\Documents\drawer\src\components\dHeader.vue
FN:24,(anonymous_1)
FNF:1
FNH:1
FNDA:9,(anonymous_1)
DA:17,1
DA:18,1
DA:19,1
DA:21,1
DA:24,13
DA:26,1
DA:28,1
DA:31,1
DA:34,3
LF:9
LH:9
BRF:0
BRH:0
end_of_record
TN:
SF:C:\Users\shund\Documents\drawer\src\components\dPage.vue
FN:30,(anonymous_1)
FN:25,DPage
FNF:2
FNH:2
FNDA:3,(anonymous_1)
FNDA:2,DPage
DA:19,1
DA:20,1
DA:21,1
DA:22,1
DA:23,1
DA:25,4
DA:30,4
DA:32,1
DA:34,2
DA:41,2
DA:43,2
DA:48,0
DA:49,0
DA:50,0
DA:51,0
DA:52,0
DA:53,0
DA:57,0
DA:58,0
DA:59,0
DA:63,0
LF:21
LH:11
BRDA:48,0,0,0
BRDA:48,0,1,0
BRDA:57,1,0,0
BRDA:57,1,1,0
BRDA:63,2,0,0
BRDA:63,2,1,0
BRF:6
BRH:0
end_of_record
TN:
SF:C:\Users\shund\Documents\drawer\src\components\dRect.vue
FN:18,(anonymous_1)
FNF:1
FNH:1
FNDA:8,(anonymous_1)
DA:7,2
DA:8,2
DA:18,12
DA:24,1
DA:27,1
DA:30,1
DA:33,1
LF:7
LH:7
BRF:0
BRH:0
end_of_record
TN:
SF:C:\Users\shund\Documents\drawer\src\lib\initVue.ts
FN:11,initVue
FNF:1
FNH:1
FNDA:3,initVue
DA:1,3
DA:4,3
DA:6,3
DA:7,3
DA:9,3
DA:11,3
DA:12,3
DA:13,3
DA:14,3
DA:15,3
LF:10
LH:10
BRF:0
BRH:0
end_of_record
TN:
SF:C:\Users\shund\Documents\drawer\src\lib\pageMode.ts
FN:1,(anonymous_0)
FNF:1
FNH:1
FNDA:3,(anonymous_0)
DA:1,3
DA:2,3
DA:3,3
DA:6,3
LF:4
LH:4
BRDA:1,0,0,3
BRDA:1,0,1,3
BRF:2
BRH:2
end_of_record
TN:
SF:C:\Users\shund\Documents\drawer\src\mixins\dShape.ts
FNF:0
FNH:0
DA:1,2
DA:2,2
DA:12,2
LF:3
LH:3
BRF:0
BRH:0
end_of_record
TN:
SF:C:\Users\shund\Documents\drawer\src\vuex\mutations.ts
FNF:0
FNH:0
DA:5,1
DA:7,1
DA:11,1
LF:3
LH:3
BRF:0
BRH:0
end_of_record
TN:
SF:C:\Users\shund\Documents\drawer\src\vuex\state.ts
FNF:0
FNH:0
DA:1,0
DA:7,0
DA:11,0
LF:3
LH:0
BRF:0
BRH:0
end_of_record
