TN:
SF:C:\Users\shund\Documents\drawer\src\App.vue
FN:19,(anonymous_1)
FNF:1
FNH:0
FNDA:0,(anonymous_1)
DA:9,0
DA:10,0
DA:11,0
DA:19,0
LF:4
LH:0
BRF:0
BRH:0
end_of_record
TN:
SF:C:\Users\shund\Documents\drawer\src\main.ts
FN:11,(anonymous_0)
FNF:1
FNH:0
FNDA:0,(anonymous_0)
DA:1,0
DA:2,0
DA:3,0
DA:4,0
DA:6,0
DA:7,0
DA:9,0
DA:11,0
LF:8
LH:0
BRF:0
BRH:0
end_of_record
TN:
SF:C:\Users\shund\Documents\drawer\src\store.ts
FN:6,makeStore
FNF:1
FNH:0
FNDA:0,makeStore
DA:1,0
DA:3,0
DA:4,0
DA:6,0
DA:7,0
LF:5
LH:0
BRF:0
BRH:0
end_of_record
TN:
SF:C:\Users\shund\Documents\drawer\src\components\dHeader.vue
FN:24,(anonymous_1)
FNF:1
FNH:1
FNDA:9,(anonymous_1)
DA:17,1
DA:18,1
DA:19,1
DA:21,1
DA:24,13
DA:26,1
DA:28,1
DA:31,1
DA:34,3
LF:9
LH:9
BRF:0
BRH:0
end_of_record
TN:
SF:C:\Users\shund\Documents\drawer\src\components\dPage.vue
FN:13,(anonymous_1)
FNF:1
FNH:1
FNDA:5,(anonymous_1)
DA:7,1
DA:8,1
DA:9,1
DA:10,1
DA:13,9
DA:15,1
DA:17,2
LF:7
LH:7
BRF:0
BRH:0
end_of_record
TN:
SF:C:\Users\shund\Documents\drawer\src\lib\initVue.ts
FN:11,initVue
FNF:1
FNH:1
FNDA:2,initVue
DA:1,2
DA:4,2
DA:6,2
DA:7,2
DA:9,2
DA:11,2
DA:12,2
DA:13,2
DA:14,2
DA:15,2
LF:10
LH:10
BRF:0
BRH:0
end_of_record
TN:
SF:C:\Users\shund\Documents\drawer\src\vuex\state.ts
FNF:0
FNH:0
DA:1,0
DA:7,0
DA:11,0
LF:3
LH:0
BRF:0
BRH:0
end_of_record
